<?xml version="1.0" encoding="UTF-8"?>
<beans xmlns:xsi="http://www.w3.org/2001/XMLSchema-instance"
       xmlns="http://www.springframework.org/schema/beans" xmlns:aop="http://www.springframework.org/schema/aop"
       xmlns:context="http://www.springframework.org/schema/context" xmlns:tx="http://www.springframework.org/schema/tx"
       xmlns:cache="http://www.springframework.org/schema/cache" xmlns:p="http://www.springframework.org/schema/p"
       xsi:schemaLocation="http://www.springframework.org/schema/beans
      http://www.springframework.org/schema/beans/spring-beans-4.2.xsd
      http://www.springframework.org/schema/aop
      http://www.springframework.org/schema/aop/spring-aop-4.2.xsd
      http://www.springframework.org/schema/context
      http://www.springframework.org/schema/context/spring-context-4.2.xsd
      http://www.springframework.org/schema/tx
      http://www.springframework.org/schema/tx/spring-tx-4.2.xsd
      http://www.springframework.org/schema/cache
      http://www.springframework.org/schema/cache/spring-cache-4.2.xsd"
    default-lazy-init="false">
    <description>Spring测试组件基础配置文件</description>

    <context:annotation-config />
 	<context:component-scan base-package="jzs.test.base"/>
	
    <bean id="commandActionBeanProcessor" class="jzs.test.base.cmd.command.CommandActionBeanProcessor">
    </bean>

    <!-- data context 模块配置 -->
    <bean id="dataContext" class="jzs.test.base.context.DataContext">
    </bean>

    <bean class="jzs.test.base.context.DataAnnotationBeanProcessor">
        <property name="dataContext" ref="dataContext" />
    </bean>
    <bean class="jzs.test.base.config.PropertiesConfigurationBeanProcessor"></bean>

    <bean id="dataContextProvider" class="jzs.test.base.context.DataContextDataProvider">
        <property name="dataContext" ref="dataContext" />
    </bean>





    <!-- vm 模板 -->
    <bean id="velocityEngine" class="org.springframework.ui.velocity.VelocityEngineFactoryBean">
        <property name="velocityProperties">
            <props>
                <prop key="resource.loader">class</prop>
                <prop key="class.resource.loader.class">
                    org.apache.velocity.runtime.resource.loader.ClasspathResourceLoader
                </prop>
                <prop key="velocimacro.library"></prop>
                <prop key="input.encoding">utf-8</prop>
                <prop key="output.encoding">utf-8</prop>
                <prop key="toolboxConfigLocation">toolbox.xml</prop>
            </props>
        </property>
    </bean>



    <bean id="httpComponentsClientHttpRequestFactory" class="org.springframework.http.client.HttpComponentsClientHttpRequestFactory" />

    <!-- rest template http 请求模板 -->
    <bean id="restTemplate" class="org.springframework.web.client.RestTemplate">
        <constructor-arg ref="httpComponentsClientHttpRequestFactory" />
        <property name="messageConverters">
            <list>
                <bean class="org.springframework.http.converter.FormHttpMessageConverter" />

                <bean id="stringHttpMessageConverter" class="org.springframework.http.converter.StringHttpMessageConverter">
                    <constructor-arg value="UTF-8" index="0"></constructor-arg><!-- 避免出现乱码 -->
                    <property name="supportedMediaTypes">
                        <list>
                            <value>text/plain;charset=UTF-8</value>
                            <value>text/html;charset=UTF-8</value>
                        </list>
                    </property>
                </bean>

                <bean id="fastJsonHttpMessageConverter" class="com.alibaba.fastjson.support.spring.FastJsonHttpMessageConverter">
                    <property name="supportedMediaTypes">
                        <list>
                            <value>application/json;charset=UTF-8</value>

                        </list>
                    </property>
                    <property name="features">
                        <list>
                            <!-- <value>WriteMapNullValue</value> -->
                            <value>QuoteFieldNames</value>
                            <value>WriteDateUseDateFormat</value>
                        </list>
                    </property>
                </bean>
            </list>
        </property>
    </bean>

</beans>